
*** Running vivado
    with args -log uart_top.vdi -applog -m64 -product Vivado -messageDb vivado.pb -mode batch -source uart_top.tcl -notrace


****** Vivado v2018.1 (64-bit)
  **** SW Build 2188600 on Wed Apr  4 18:40:38 MDT 2018
  **** IP Build 2185939 on Wed Apr  4 20:55:05 MDT 2018
    ** Copyright 1986-2018 Xilinx, Inc. All Rights Reserved.

source uart_top.tcl -notrace
Command: link_design -top uart_top -part xc7z020clg400-1
Design is defaulting to srcset: sources_1
Design is defaulting to constrset: constrs_1
INFO: [Netlist 29-17] Analyzing 4 Unisim elements for replacement
INFO: [Netlist 29-28] Unisim Transformation completed in 0 CPU seconds
INFO: [Project 1-479] Netlist was created with Vivado 2018.1
INFO: [Device 21-403] Loading part xc7z020clg400-1
INFO: [Project 1-570] Preparing netlist for logic optimization
Parsing XDC File [C:/Users/dev_fw/Desktop/CESE/vivado/project_uart/project_uart.srcs/constrs_1/imports/clases/uart_led_timing_ArtyZ7.xdc]
INFO: [Constraints 18-483] create_clock: no pin(s)/port(s)/net(s) specified as objects, only virtual clock 'virtual_clock' will be created. If you don't want this, please specify pin(s)/ports(s)/net(s) as objects to the command. [C:/Users/dev_fw/Desktop/CESE/vivado/project_uart/project_uart.srcs/constrs_1/imports/clases/uart_led_timing_ArtyZ7.xdc:7]
Finished Parsing XDC File [C:/Users/dev_fw/Desktop/CESE/vivado/project_uart/project_uart.srcs/constrs_1/imports/clases/uart_led_timing_ArtyZ7.xdc]
Parsing XDC File [C:/Users/dev_fw/Desktop/CESE/vivado/project_uart/project_uart.srcs/constrs_1/imports/clases/uart_led_pins_ArtyZ7.xdc]
Finished Parsing XDC File [C:/Users/dev_fw/Desktop/CESE/vivado/project_uart/project_uart.srcs/constrs_1/imports/clases/uart_led_pins_ArtyZ7.xdc]
INFO: [Opt 31-138] Pushed 0 inverter(s) to 0 load pin(s).
INFO: [Project 1-111] Unisim Transformation Summary:
No Unisim elements were transformed.

8 Infos, 0 Warnings, 0 Critical Warnings and 0 Errors encountered.
link_design completed successfully
link_design: Time (s): cpu = 00:00:07 ; elapsed = 00:00:08 . Memory (MB): peak = 653.863 ; gain = 347.523
Command: opt_design
Attempting to get a license for feature 'Implementation' and/or device 'xc7z020'
INFO: [Common 17-349] Got license for feature 'Implementation' and/or device 'xc7z020'
Running DRC as a precondition to command opt_design

Starting DRC Task
INFO: [DRC 23-27] Running DRC with 2 threads
INFO: [Project 1-461] DRC finished with 0 Errors
INFO: [Project 1-462] Please refer to the DRC report (report_drc) for more information.

Time (s): cpu = 00:00:00 ; elapsed = 00:00:00.470 . Memory (MB): peak = 663.824 ; gain = 9.961
INFO: [Constraints 18-483] create_clock: no pin(s)/port(s)/net(s) specified as objects, only virtual clock 'virtual_clock' will be created. If you don't want this, please specify pin(s)/ports(s)/net(s) as objects to the command. [C:/Users/dev_fw/Desktop/CESE/vivado/project_uart/project_uart.srcs/constrs_1/imports/clases/uart_led_timing_ArtyZ7.xdc:7]
INFO: [Timing 38-35] Done setting XDC timing constraints.

Starting Logic Optimization Task

Phase 1 Retarget
INFO: [Opt 31-138] Pushed 0 inverter(s) to 0 load pin(s).
INFO: [Opt 31-49] Retargeted 0 cell(s).
Phase 1 Retarget | Checksum: 25a142425

Time (s): cpu = 00:00:00 ; elapsed = 00:00:00.029 . Memory (MB): peak = 1221.734 ; gain = 0.000
INFO: [Opt 31-389] Phase Retarget created 0 cells and removed 0 cells

Phase 2 Constant propagation
INFO: [Opt 31-138] Pushed 0 inverter(s) to 0 load pin(s).
Phase 2 Constant propagation | Checksum: 25a142425

Time (s): cpu = 00:00:00 ; elapsed = 00:00:00.033 . Memory (MB): peak = 1221.734 ; gain = 0.000
INFO: [Opt 31-389] Phase Constant propagation created 0 cells and removed 0 cells

Phase 3 Sweep
Phase 3 Sweep | Checksum: 25a142425

Time (s): cpu = 00:00:00 ; elapsed = 00:00:00.039 . Memory (MB): peak = 1221.734 ; gain = 0.000
INFO: [Opt 31-389] Phase Sweep created 0 cells and removed 0 cells

Phase 4 BUFG optimization
Phase 4 BUFG optimization | Checksum: 25a142425

Time (s): cpu = 00:00:00 ; elapsed = 00:00:00.044 . Memory (MB): peak = 1221.734 ; gain = 0.000
INFO: [Opt 31-389] Phase BUFG optimization created 0 cells and removed 0 cells

Phase 5 Shift Register Optimization
Phase 5 Shift Register Optimization | Checksum: 25a142425

Time (s): cpu = 00:00:00 ; elapsed = 00:00:00.048 . Memory (MB): peak = 1221.734 ; gain = 0.000
INFO: [Opt 31-389] Phase Shift Register Optimization created 0 cells and removed 0 cells

Phase 6 Post Processing Netlist
Phase 6 Post Processing Netlist | Checksum: 25a142425

Time (s): cpu = 00:00:00 ; elapsed = 00:00:00.050 . Memory (MB): peak = 1221.734 ; gain = 0.000
INFO: [Opt 31-389] Phase Post Processing Netlist created 0 cells and removed 0 cells

Starting Connectivity Check Task

Time (s): cpu = 00:00:00 ; elapsed = 00:00:00.001 . Memory (MB): peak = 1221.734 ; gain = 0.000
Ending Logic Optimization Task | Checksum: 25a142425

Time (s): cpu = 00:00:00 ; elapsed = 00:00:00.052 . Memory (MB): peak = 1221.734 ; gain = 0.000

Starting Power Optimization Task
INFO: [Pwropt 34-132] Skipping clock gating for clocks with a period < 2.00 ns.
Ending Power Optimization Task | Checksum: 25a142425

Time (s): cpu = 00:00:00 ; elapsed = 00:00:00.014 . Memory (MB): peak = 1221.734 ; gain = 0.000
INFO: [Common 17-83] Releasing license: Implementation
25 Infos, 0 Warnings, 0 Critical Warnings and 0 Errors encountered.
opt_design completed successfully
opt_design: Time (s): cpu = 00:00:09 ; elapsed = 00:00:11 . Memory (MB): peak = 1221.734 ; gain = 567.871
INFO: [Timing 38-480] Writing timing data to binary archive.
Writing placer database...
Writing XDEF routing.
Writing XDEF routing logical nets.
Writing XDEF routing special nets.
Write XDEF Complete: Time (s): cpu = 00:00:00 ; elapsed = 00:00:00.038 . Memory (MB): peak = 1221.734 ; gain = 0.000
INFO: [Common 17-1381] The checkpoint 'C:/Users/dev_fw/Desktop/CESE/vivado/project_uart/project_uart.runs/impl_2/uart_top_opt.dcp' has been generated.
INFO: [runtcl-4] Executing : report_drc -file uart_top_drc_opted.rpt -pb uart_top_drc_opted.pb -rpx uart_top_drc_opted.rpx
Command: report_drc -file uart_top_drc_opted.rpt -pb uart_top_drc_opted.pb -rpx uart_top_drc_opted.rpx
INFO: [IP_Flow 19-234] Refreshing IP repositories
INFO: [IP_Flow 19-1704] No user IP repositories specified
INFO: [IP_Flow 19-2313] Loaded Vivado IP repository 'C:/Xilinx/Vivado/2018.1/data/ip'.
INFO: [DRC 23-27] Running DRC with 2 threads
INFO: [Coretcl 2-168] The results of DRC are in file C:/Users/dev_fw/Desktop/CESE/vivado/project_uart/project_uart.runs/impl_2/uart_top_drc_opted.rpt.
report_drc completed successfully
report_drc: Time (s): cpu = 00:00:03 ; elapsed = 00:00:05 . Memory (MB): peak = 1221.734 ; gain = 0.000
Command: place_design
Attempting to get a license for feature 'Implementation' and/or device 'xc7z020'
INFO: [Common 17-349] Got license for feature 'Implementation' and/or device 'xc7z020'
INFO: [DRC 23-27] Running DRC with 2 threads
INFO: [Vivado_Tcl 4-198] DRC finished with 0 Errors
INFO: [Vivado_Tcl 4-199] Please refer to the DRC report (report_drc) for more information.
Running DRC as a precondition to command place_design
INFO: [DRC 23-27] Running DRC with 2 threads
INFO: [Vivado_Tcl 4-198] DRC finished with 0 Errors
INFO: [Vivado_Tcl 4-199] Please refer to the DRC report (report_drc) for more information.

Starting Placer Task
INFO: [Place 30-611] Multithreading enabled for place_design using a maximum of 2 CPUs

Phase 1 Placer Initialization

Phase 1.1 Placer Initialization Netlist Sorting
Netlist sorting complete. Time (s): cpu = 00:00:00 ; elapsed = 00:00:00 . Memory (MB): peak = 1221.734 ; gain = 0.000
Phase 1.1 Placer Initialization Netlist Sorting | Checksum: 190cb1eb6

Time (s): cpu = 00:00:00 ; elapsed = 00:00:00.009 . Memory (MB): peak = 1221.734 ; gain = 0.000
Netlist sorting complete. Time (s): cpu = 00:00:00 ; elapsed = 00:00:00 . Memory (MB): peak = 1221.734 ; gain = 0.000

Phase 1.2 IO Placement/ Clock Placement/ Build Placer Device
INFO: [Constraints 18-483] create_clock: no pin(s)/port(s)/net(s) specified as objects, only virtual clock 'virtual_clock' will be created. If you don't want this, please specify pin(s)/ports(s)/net(s) as objects to the command. [C:/Users/dev_fw/Desktop/CESE/vivado/project_uart/project_uart.srcs/constrs_1/imports/clases/uart_led_timing_ArtyZ7.xdc:7]
INFO: [Timing 38-35] Done setting XDC timing constraints.
Phase 1.2 IO Placement/ Clock Placement/ Build Placer Device | Checksum: 11cf353c0

Time (s): cpu = 00:00:01 ; elapsed = 00:00:00.593 . Memory (MB): peak = 1229.844 ; gain = 8.109

Phase 1.3 Build Placer Netlist Model
Phase 1.3 Build Placer Netlist Model | Checksum: 18c288c55

Time (s): cpu = 00:00:01 ; elapsed = 00:00:00.716 . Memory (MB): peak = 1229.844 ; gain = 8.109

Phase 1.4 Constrain Clocks/Macros
Phase 1.4 Constrain Clocks/Macros | Checksum: 18c288c55

Time (s): cpu = 00:00:01 ; elapsed = 00:00:00.718 . Memory (MB): peak = 1229.844 ; gain = 8.109
Phase 1 Placer Initialization | Checksum: 18c288c55

Time (s): cpu = 00:00:01 ; elapsed = 00:00:00.722 . Memory (MB): peak = 1229.844 ; gain = 8.109

Phase 2 Global Placement
Phase 2 Global Placement | Checksum: 173d0e384

Time (s): cpu = 00:00:02 ; elapsed = 00:00:01 . Memory (MB): peak = 1229.844 ; gain = 8.109

Phase 3 Detail Placement

Phase 3.1 Commit Multi Column Macros
Phase 3.1 Commit Multi Column Macros | Checksum: 173d0e384

Time (s): cpu = 00:00:02 ; elapsed = 00:00:01 . Memory (MB): peak = 1229.844 ; gain = 8.109

Phase 3.2 Commit Most Macros & LUTRAMs
Phase 3.2 Commit Most Macros & LUTRAMs | Checksum: 12210cbda

Time (s): cpu = 00:00:02 ; elapsed = 00:00:01 . Memory (MB): peak = 1229.844 ; gain = 8.109

Phase 3.3 Area Swap Optimization
Phase 3.3 Area Swap Optimization | Checksum: 216f07aec

Time (s): cpu = 00:00:02 ; elapsed = 00:00:01 . Memory (MB): peak = 1229.844 ; gain = 8.109

Phase 3.4 Pipeline Register Optimization
Phase 3.4 Pipeline Register Optimization | Checksum: 216f07aec

Time (s): cpu = 00:00:02 ; elapsed = 00:00:01 . Memory (MB): peak = 1229.844 ; gain = 8.109

Phase 3.5 Timing Path Optimizer
Phase 3.5 Timing Path Optimizer | Checksum: 216f07aec

Time (s): cpu = 00:00:02 ; elapsed = 00:00:01 . Memory (MB): peak = 1229.844 ; gain = 8.109

Phase 3.6 Fast Optimization
Phase 3.6 Fast Optimization | Checksum: 216f07aec

Time (s): cpu = 00:00:02 ; elapsed = 00:00:01 . Memory (MB): peak = 1229.844 ; gain = 8.109

Phase 3.7 Small Shape Detail Placement
Phase 3.7 Small Shape Detail Placement | Checksum: 19e127918

Time (s): cpu = 00:00:02 ; elapsed = 00:00:01 . Memory (MB): peak = 1229.844 ; gain = 8.109

Phase 3.8 Re-assign LUT pins
Phase 3.8 Re-assign LUT pins | Checksum: 11c06c564

Time (s): cpu = 00:00:02 ; elapsed = 00:00:01 . Memory (MB): peak = 1229.844 ; gain = 8.109

Phase 3.9 Pipeline Register Optimization
Phase 3.9 Pipeline Register Optimization | Checksum: 11c06c564

Time (s): cpu = 00:00:02 ; elapsed = 00:00:01 . Memory (MB): peak = 1229.844 ; gain = 8.109

Phase 3.10 Fast Optimization
Phase 3.10 Fast Optimization | Checksum: 11c06c564

Time (s): cpu = 00:00:02 ; elapsed = 00:00:01 . Memory (MB): peak = 1229.844 ; gain = 8.109
Phase 3 Detail Placement | Checksum: 11c06c564

Time (s): cpu = 00:00:02 ; elapsed = 00:00:01 . Memory (MB): peak = 1229.844 ; gain = 8.109

Phase 4 Post Placement Optimization and Clean-Up

Phase 4.1 Post Commit Optimization
INFO: [Constraints 18-483] create_clock: no pin(s)/port(s)/net(s) specified as objects, only virtual clock 'virtual_clock' will be created. If you don't want this, please specify pin(s)/ports(s)/net(s) as objects to the command. [C:/Users/dev_fw/Desktop/CESE/vivado/project_uart/project_uart.srcs/constrs_1/imports/clases/uart_led_timing_ArtyZ7.xdc:7]
INFO: [Timing 38-35] Done setting XDC timing constraints.

Phase 4.1.1 Post Placement Optimization
Post Placement Optimization Initialization | Checksum: 127e4036a

Phase 4.1.1.1 BUFG Insertion
INFO: [Physopt 32-721] Multithreading enabled for phys_opt_design using a maximum of 2 CPUs
INFO: [Place 46-31] BUFG insertion identified 0 candidate nets, 0 success, 0 skipped for placement/routing, 0 skipped for timing, 0 skipped for netlist change reason.
Phase 4.1.1.1 BUFG Insertion | Checksum: 127e4036a

Time (s): cpu = 00:00:02 ; elapsed = 00:00:01 . Memory (MB): peak = 1257.281 ; gain = 35.547
INFO: [Place 30-746] Post Placement Timing Summary WNS=-8.242. For the most accurate timing information please run report_timing.
Phase 4.1.1 Post Placement Optimization | Checksum: 1578d52f7

Time (s): cpu = 00:00:03 ; elapsed = 00:00:02 . Memory (MB): peak = 1257.281 ; gain = 35.547
Phase 4.1 Post Commit Optimization | Checksum: 1578d52f7

Time (s): cpu = 00:00:03 ; elapsed = 00:00:02 . Memory (MB): peak = 1257.281 ; gain = 35.547

Phase 4.2 Post Placement Cleanup
Phase 4.2 Post Placement Cleanup | Checksum: 1578d52f7

Time (s): cpu = 00:00:03 ; elapsed = 00:00:02 . Memory (MB): peak = 1257.281 ; gain = 35.547

Phase 4.3 Placer Reporting
Phase 4.3 Placer Reporting | Checksum: 1578d52f7

Time (s): cpu = 00:00:03 ; elapsed = 00:00:02 . Memory (MB): peak = 1257.281 ; gain = 35.547

Phase 4.4 Final Placement Cleanup
Phase 4.4 Final Placement Cleanup | Checksum: 134dd70af

Time (s): cpu = 00:00:03 ; elapsed = 00:00:02 . Memory (MB): peak = 1257.281 ; gain = 35.547
Phase 4 Post Placement Optimization and Clean-Up | Checksum: 134dd70af

Time (s): cpu = 00:00:03 ; elapsed = 00:00:02 . Memory (MB): peak = 1257.281 ; gain = 35.547
Ending Placer Task | Checksum: 81d19a11

Time (s): cpu = 00:00:03 ; elapsed = 00:00:02 . Memory (MB): peak = 1257.281 ; gain = 35.547
INFO: [Common 17-83] Releasing license: Implementation
49 Infos, 0 Warnings, 0 Critical Warnings and 0 Errors encountered.
place_design completed successfully
INFO: [Timing 38-480] Writing timing data to binary archive.
Writing placer database...
Writing XDEF routing.
Writing XDEF routing logical nets.
Writing XDEF routing special nets.
Write XDEF Complete: Time (s): cpu = 00:00:00 ; elapsed = 00:00:00.040 . Memory (MB): peak = 1261.707 ; gain = 4.398
INFO: [Common 17-1381] The checkpoint 'C:/Users/dev_fw/Desktop/CESE/vivado/project_uart/project_uart.runs/impl_2/uart_top_placed.dcp' has been generated.
INFO: [runtcl-4] Executing : report_io -file uart_top_io_placed.rpt
report_io: Time (s): cpu = 00:00:00 ; elapsed = 00:00:00.036 . Memory (MB): peak = 1264.699 ; gain = 0.000
INFO: [runtcl-4] Executing : report_utilization -file uart_top_utilization_placed.rpt -pb uart_top_utilization_placed.pb
report_utilization: Time (s): cpu = 00:00:00 ; elapsed = 00:00:00.025 . Memory (MB): peak = 1264.699 ; gain = 0.000
INFO: [runtcl-4] Executing : report_control_sets -verbose -file uart_top_control_sets_placed.rpt
report_control_sets: Time (s): cpu = 00:00:00 ; elapsed = 00:00:00.001 . Memory (MB): peak = 1264.699 ; gain = 0.000
Command: route_design
Attempting to get a license for feature 'Implementation' and/or device 'xc7z020'
INFO: [Common 17-349] Got license for feature 'Implementation' and/or device 'xc7z020'
Running DRC as a precondition to command route_design
INFO: [DRC 23-27] Running DRC with 2 threads
INFO: [Vivado_Tcl 4-198] DRC finished with 0 Errors
INFO: [Vivado_Tcl 4-199] Please refer to the DRC report (report_drc) for more information.


Starting Routing Task
INFO: [Route 35-254] Multithreading enabled for route_design using a maximum of 2 CPUs
Checksum: PlaceDB: 3c166796 ConstDB: 0 ShapeSum: 45bb327b RouteDB: 0

Phase 1 Build RT Design
Phase 1 Build RT Design | Checksum: cb1b7642

Time (s): cpu = 00:00:22 ; elapsed = 00:00:19 . Memory (MB): peak = 1382.293 ; gain = 117.594
Post Restoration Checksum: NetGraph: a6997429 NumContArr: 24820219 Constraints: 0 Timing: 0

Phase 2 Router Initialization

Phase 2.1 Create Timer
Phase 2.1 Create Timer | Checksum: cb1b7642

Time (s): cpu = 00:00:22 ; elapsed = 00:00:19 . Memory (MB): peak = 1382.293 ; gain = 117.594

Phase 2.2 Fix Topology Constraints
Phase 2.2 Fix Topology Constraints | Checksum: cb1b7642

Time (s): cpu = 00:00:22 ; elapsed = 00:00:19 . Memory (MB): peak = 1387.965 ; gain = 123.266

Phase 2.3 Pre Route Cleanup
Phase 2.3 Pre Route Cleanup | Checksum: cb1b7642

Time (s): cpu = 00:00:22 ; elapsed = 00:00:19 . Memory (MB): peak = 1387.965 ; gain = 123.266
 Number of Nodes with overlaps = 0

Phase 2.4 Update Timing
Phase 2.4 Update Timing | Checksum: 26d9eb56a

Time (s): cpu = 00:00:22 ; elapsed = 00:00:20 . Memory (MB): peak = 1408.727 ; gain = 144.027
INFO: [Route 35-416] Intermediate Timing Summary | WNS=-8.245 | TNS=-32.480| WHS=-2.248 | THS=-5.863 |

Phase 2 Router Initialization | Checksum: 1e4cd4598

Time (s): cpu = 00:00:22 ; elapsed = 00:00:20 . Memory (MB): peak = 1408.727 ; gain = 144.027

Phase 3 Initial Routing
Phase 3 Initial Routing | Checksum: 29792201e

Time (s): cpu = 00:00:23 ; elapsed = 00:00:20 . Memory (MB): peak = 1408.727 ; gain = 144.027

Phase 4 Rip-up And Reroute

Phase 4.1 Global Iteration 0
 Number of Nodes with overlaps = 6
 Number of Nodes with overlaps = 0
INFO: [Route 35-416] Intermediate Timing Summary | WNS=-8.235 | TNS=-32.295| WHS=N/A    | THS=N/A    |

Phase 4.1 Global Iteration 0 | Checksum: f43e06ce

Time (s): cpu = 00:00:23 ; elapsed = 00:00:20 . Memory (MB): peak = 1408.727 ; gain = 144.027
Phase 4 Rip-up And Reroute | Checksum: f43e06ce

Time (s): cpu = 00:00:23 ; elapsed = 00:00:20 . Memory (MB): peak = 1408.727 ; gain = 144.027

Phase 5 Delay and Skew Optimization

Phase 5.1 Delay CleanUp

Phase 5.1.1 Update Timing
Phase 5.1.1 Update Timing | Checksum: d2204927

Time (s): cpu = 00:00:23 ; elapsed = 00:00:20 . Memory (MB): peak = 1408.727 ; gain = 144.027
INFO: [Route 35-416] Intermediate Timing Summary | WNS=-8.235 | TNS=-32.289| WHS=N/A    | THS=N/A    |

 Number of Nodes with overlaps = 0
Phase 5.1 Delay CleanUp | Checksum: 175fd1452

Time (s): cpu = 00:00:23 ; elapsed = 00:00:20 . Memory (MB): peak = 1408.727 ; gain = 144.027

Phase 5.2 Clock Skew Optimization
Phase 5.2 Clock Skew Optimization | Checksum: 175fd1452

Time (s): cpu = 00:00:23 ; elapsed = 00:00:20 . Memory (MB): peak = 1408.727 ; gain = 144.027
Phase 5 Delay and Skew Optimization | Checksum: 175fd1452

Time (s): cpu = 00:00:23 ; elapsed = 00:00:20 . Memory (MB): peak = 1408.727 ; gain = 144.027

Phase 6 Post Hold Fix

Phase 6.1 Hold Fix Iter

Phase 6.1.1 Update Timing
Phase 6.1.1 Update Timing | Checksum: aee9f847

Time (s): cpu = 00:00:23 ; elapsed = 00:00:20 . Memory (MB): peak = 1408.727 ; gain = 144.027
INFO: [Route 35-416] Intermediate Timing Summary | WNS=-8.235 | TNS=-32.289| WHS=-0.257 | THS=-0.257 |

Phase 6.1 Hold Fix Iter | Checksum: 20bbb0db1

Time (s): cpu = 00:00:23 ; elapsed = 00:00:20 . Memory (MB): peak = 1408.727 ; gain = 144.027
Phase 6 Post Hold Fix | Checksum: 1f15673ee

Time (s): cpu = 00:00:23 ; elapsed = 00:00:20 . Memory (MB): peak = 1408.727 ; gain = 144.027

Phase 7 Route finalize

Router Utilization Summary
  Global Vertical Routing Utilization    = 0.0266646 %
  Global Horizontal Routing Utilization  = 0.0180865 %
  Routable Net Status*
  *Does not include unroutable nets such as driverless and loadless.
  Run report_route_status for detailed report.
  Number of Failed Nets               = 0
  Number of Unrouted Nets             = 0
  Number of Partially Routed Nets     = 0
  Number of Node Overlaps             = 0

Congestion Report
North Dir 1x1 Area, Max Cong = 17.1171%, No Congested Regions.
South Dir 1x1 Area, Max Cong = 27.027%, No Congested Regions.
East Dir 1x1 Area, Max Cong = 17.6471%, No Congested Regions.
West Dir 1x1 Area, Max Cong = 13.2353%, No Congested Regions.

------------------------------
Reporting congestion hotspots
------------------------------
Direction: North
----------------
Congested clusters found at Level 0
Effective congestion level: 0 Aspect Ratio: 1 Sparse Ratio: 0
Direction: South
----------------
Congested clusters found at Level 0
Effective congestion level: 0 Aspect Ratio: 1 Sparse Ratio: 0
Direction: East
----------------
Congested clusters found at Level 0
Effective congestion level: 0 Aspect Ratio: 1 Sparse Ratio: 0
Direction: West
----------------
Congested clusters found at Level 0
Effective congestion level: 0 Aspect Ratio: 1 Sparse Ratio: 0

Phase 7 Route finalize | Checksum: 198bb17b4

Time (s): cpu = 00:00:23 ; elapsed = 00:00:20 . Memory (MB): peak = 1408.727 ; gain = 144.027

Phase 8 Verifying routed nets

 Verification completed successfully
Phase 8 Verifying routed nets | Checksum: 198bb17b4

Time (s): cpu = 00:00:23 ; elapsed = 00:00:20 . Memory (MB): peak = 1408.727 ; gain = 144.027

Phase 9 Depositing Routes
Phase 9 Depositing Routes | Checksum: 136d59c13

Time (s): cpu = 00:00:23 ; elapsed = 00:00:20 . Memory (MB): peak = 1408.727 ; gain = 144.027

Phase 10 Post Router Timing

Phase 10.1 Update Timing
Phase 10.1 Update Timing | Checksum: 1173a01f4

Time (s): cpu = 00:00:23 ; elapsed = 00:00:20 . Memory (MB): peak = 1408.727 ; gain = 144.027
INFO: [Route 35-57] Estimated Timing Summary | WNS=-8.235 | TNS=-32.289| WHS=0.152  | THS=0.000  |

WARNING: [Route 35-328] Router estimated timing not met.
Resolution: For a complete and accurate timing signoff, report_timing_summary must be run after route_design. Alternatively, route_design can be run with the -timing_summary option to enable a complete timing signoff at the end of route_design.
Phase 10 Post Router Timing | Checksum: 1173a01f4

Time (s): cpu = 00:00:23 ; elapsed = 00:00:20 . Memory (MB): peak = 1408.727 ; gain = 144.027
INFO: [Route 35-16] Router Completed Successfully

Time (s): cpu = 00:00:23 ; elapsed = 00:00:20 . Memory (MB): peak = 1408.727 ; gain = 144.027

Routing Is Done.
INFO: [Common 17-83] Releasing license: Implementation
66 Infos, 1 Warnings, 0 Critical Warnings and 0 Errors encountered.
route_design completed successfully
route_design: Time (s): cpu = 00:00:24 ; elapsed = 00:00:21 . Memory (MB): peak = 1408.727 ; gain = 144.027
INFO: [Timing 38-480] Writing timing data to binary archive.
Writing placer database...
Writing XDEF routing.
Writing XDEF routing logical nets.
Writing XDEF routing special nets.
Write XDEF Complete: Time (s): cpu = 00:00:00 ; elapsed = 00:00:00.043 . Memory (MB): peak = 1408.727 ; gain = 0.000
INFO: [Common 17-1381] The checkpoint 'C:/Users/dev_fw/Desktop/CESE/vivado/project_uart/project_uart.runs/impl_2/uart_top_routed.dcp' has been generated.
INFO: [runtcl-4] Executing : report_drc -file uart_top_drc_routed.rpt -pb uart_top_drc_routed.pb -rpx uart_top_drc_routed.rpx
Command: report_drc -file uart_top_drc_routed.rpt -pb uart_top_drc_routed.pb -rpx uart_top_drc_routed.rpx
INFO: [DRC 23-27] Running DRC with 2 threads
INFO: [Coretcl 2-168] The results of DRC are in file C:/Users/dev_fw/Desktop/CESE/vivado/project_uart/project_uart.runs/impl_2/uart_top_drc_routed.rpt.
report_drc completed successfully
INFO: [runtcl-4] Executing : report_methodology -file uart_top_methodology_drc_routed.rpt -pb uart_top_methodology_drc_routed.pb -rpx uart_top_methodology_drc_routed.rpx
Command: report_methodology -file uart_top_methodology_drc_routed.rpt -pb uart_top_methodology_drc_routed.pb -rpx uart_top_methodology_drc_routed.rpx
INFO: [Constraints 18-483] create_clock: no pin(s)/port(s)/net(s) specified as objects, only virtual clock 'virtual_clock' will be created. If you don't want this, please specify pin(s)/ports(s)/net(s) as objects to the command. [C:/Users/dev_fw/Desktop/CESE/vivado/project_uart/project_uart.srcs/constrs_1/imports/clases/uart_led_timing_ArtyZ7.xdc:7]
INFO: [Timing 38-35] Done setting XDC timing constraints.
INFO: [Constraints 18-483] create_clock: no pin(s)/port(s)/net(s) specified as objects, only virtual clock 'virtual_clock' will be created. If you don't want this, please specify pin(s)/ports(s)/net(s) as objects to the command. [C:/Users/dev_fw/Desktop/CESE/vivado/project_uart/project_uart.srcs/constrs_1/imports/clases/uart_led_timing_ArtyZ7.xdc:7]
INFO: [Timing 38-35] Done setting XDC timing constraints.
INFO: [DRC 23-133] Running Methodology with 2 threads
INFO: [Coretcl 2-1520] The results of Report Methodology are in file C:/Users/dev_fw/Desktop/CESE/vivado/project_uart/project_uart.runs/impl_2/uart_top_methodology_drc_routed.rpt.
report_methodology completed successfully
INFO: [runtcl-4] Executing : report_power -file uart_top_power_routed.rpt -pb uart_top_power_summary_routed.pb -rpx uart_top_power_routed.rpx
Command: report_power -file uart_top_power_routed.rpt -pb uart_top_power_summary_routed.pb -rpx uart_top_power_routed.rpx
INFO: [Constraints 18-483] create_clock: no pin(s)/port(s)/net(s) specified as objects, only virtual clock 'virtual_clock' will be created. If you don't want this, please specify pin(s)/ports(s)/net(s) as objects to the command. [C:/Users/dev_fw/Desktop/CESE/vivado/project_uart/project_uart.srcs/constrs_1/imports/clases/uart_led_timing_ArtyZ7.xdc:7]
INFO: [Timing 38-35] Done setting XDC timing constraints.
Running Vector-less Activity Propagation...

Finished Running Vector-less Activity Propagation
81 Infos, 1 Warnings, 0 Critical Warnings and 0 Errors encountered.
report_power completed successfully
INFO: [runtcl-4] Executing : report_route_status -file uart_top_route_status.rpt -pb uart_top_route_status.pb
INFO: [runtcl-4] Executing : report_timing_summary -max_paths 10 -file uart_top_timing_summary_routed.rpt -pb uart_top_timing_summary_routed.pb -rpx uart_top_timing_summary_routed.rpx -warn_on_violation 
INFO: [Timing 38-91] UpdateTimingParams: Speed grade: -1, Delay Type: min_max, Timing Stage: Requireds.
INFO: [Timing 38-191] Multithreading enabled for timing update using a maximum of 2 CPUs
CRITICAL WARNING: [Timing 38-282] The design failed to meet the timing requirements. Please see the timing summary report for details on the timing violations.
INFO: [runtcl-4] Executing : report_incremental_reuse -file uart_top_incremental_reuse_routed.rpt
INFO: [Vivado_Tcl 4-545] No incremental reuse to report, no incremental placement and routing data was found.
INFO: [runtcl-4] Executing : report_clock_utilization -file uart_top_clock_utilization_routed.rpt
INFO: [runtcl-4] Executing : report_bus_skew -warn_on_violation -file route_report_bus_skew_0.rpt -rpx route_report_bus_skew_0.rpx
INFO: [Timing 38-91] UpdateTimingParams: Speed grade: -1, Delay Type: min_max, Timing Stage: Requireds.
INFO: [Timing 38-191] Multithreading enabled for timing update using a maximum of 2 CPUs
INFO: [Common 17-206] Exiting Vivado at Sat Apr  2 11:35:00 2022...
